<?xml version="1.0" encoding="UTF-8"?>
<testng-results skipped="0" failed="0" ignored="0" total="1" passed="1">
  <reporter-output>
  </reporter-output>
  <suite name="Suite" duration-ms="18238" started-at="2020-05-17T17:39:10Z" finished-at="2020-05-17T17:39:29Z">
    <groups>
    </groups>
    <test name="Test" duration-ms="18238" started-at="2020-05-17T17:39:10Z" finished-at="2020-05-17T17:39:29Z">
      <class name="mySeleniumPackage.OpenFacebook">
        <test-method status="PASS" signature="testcase()[pri:0, instance:mySeleniumPackage.OpenFacebook@28feb3fa]" name="testcase" duration-ms="18219" started-at="2020-05-17T23:09:10Z" finished-at="2020-05-17T23:09:29Z">
          <reporter-output>
          </reporter-output>
        </test-method> <!-- testcase -->
      </class> <!-- mySeleniumPackage.OpenFacebook -->
    </test> <!-- Test -->
  </suite> <!-- Suite -->
</testng-results>
